<?xml version="1.0" encoding="UTF-8"?>
<!-- Generated by org.testng.reporters.JUnitReportReporter -->
<testsuite skipped="0" hostname="LAPTOP-1DG9OKO7" name="com.rmgyantra.testscripts.CreateResource" tests="1" failures="0" timestamp="2022-03-27T13:18:08 IST" time="2.172" errors="0">
  <testcase name="createResource" time="2.172" classname="com.rmgyantra.testscripts.CreateResource"/>
  <system-out/>
</testsuite> <!-- com.rmgyantra.testscripts.CreateResource -->
