<?xml version="1.0" encoding="UTF-8"?>
<!-- Generated by org.testng.reporters.JUnitReportReporter -->
<testsuite skipped="0" hostname="LAPTOP-1DG9OKO7" name="com.rmgyantra.testscripts.MultipleResponse" tests="1" failures="0" timestamp="2022-03-27T13:17:05 IST" time="1.964" errors="0">
  <testcase name="multi" time="1.964" classname="com.rmgyantra.testscripts.MultipleResponse"/>
  <system-out/>
</testsuite> <!-- com.rmgyantra.testscripts.MultipleResponse -->
